<?xml version="1.0" encoding="UTF-8"?>
<!-- Generated by org.testng.reporters.JUnitXMLReporter -->
<testsuite ignored="0" hostname="DESKTOP-DUERR93" failures="1" tests="1" name="Test" time="13.25" errors="0" timestamp="2024-06-03T23:13:23 IST">
  <testcase classname="TestPack.OrderCreationTest" name="createOrder" time="3.591">
    <failure type="java.lang.AssertionError" message="expected [Thank you for your order!] but found [[[ChromeDriver: chrome on windows (b1812261193840ccfebb06316224ac77)] -&amp;gt; xpath: //h2]]">
      <![CDATA[java.lang.AssertionError: expected [Thank you for your order!] but found [[[ChromeDriver: chrome on windows (b1812261193840ccfebb06316224ac77)] -> xpath: //h2]]
at PageObjects.OrderConfirmationPage.ValidateOrderConfirmation(OrderConfirmationPage.java:23)
at TestPack.OrderCreationTest.createOrder(OrderCreationTest.java:36)
at java.base/java.util.ArrayList.forEach(ArrayList.java:1511)
... Removed 30 stack frames]]>
    </failure>
  </testcase> <!-- createOrder -->
</testsuite> <!-- Test -->
